\BOOKMARK [0][-]{chapter.1}{ACKNOWLEDGMENT}{}% 1
\BOOKMARK [0][-]{chapter.2}{DECLARATION}{}% 2
\BOOKMARK [0][-]{chapter.3}{List of Diagrams}{}% 3
\BOOKMARK [0][-]{chapter.4}{Product Perspective}{}% 4
\BOOKMARK [1][-]{section.4.1}{User Characteristics}{chapter.4}% 5
\BOOKMARK [1][-]{section.4.2}{Operating Environment}{chapter.4}% 6
\BOOKMARK [1][-]{section.4.3}{Dependencies}{chapter.4}% 7
\BOOKMARK [1][-]{section.4.4}{Design and Implementation constraints}{chapter.4}% 8
\BOOKMARK [1][-]{section.4.5}{Specific Requirements}{chapter.4}% 9
\BOOKMARK [0][-]{chapter.5}{Functional Requirements}{}% 10
\BOOKMARK [1][-]{section.5.1}{Major functions of the Discussion Forums}{chapter.5}% 11
\BOOKMARK [1][-]{section.5.2}{Major functions of the Login and Registration System}{chapter.5}% 12
\BOOKMARK [1][-]{section.5.3}{Major functions of the Ticketing System}{chapter.5}% 13
\BOOKMARK [1][-]{section.5.4}{FAQs \(frequently asked questions\)}{chapter.5}% 14
\BOOKMARK [0][-]{chapter.6}{Behavioral Requirements}{}% 15
\BOOKMARK [0][-]{chapter.7}{Non Functional Requirements}{}% 16
\BOOKMARK [1][-]{section.7.1}{Performance Requirements}{chapter.7}% 17
\BOOKMARK [1][-]{section.7.2}{Software Quality Attributes}{chapter.7}% 18
\BOOKMARK [0][-]{chapter.8}{Conclusion}{}% 19
\BOOKMARK [0][-]{chapter.9}{Indices and tables}{}% 20
